Determining if the system is big endian passed with the following output:
Change Dir: /Users/brianzhang/Desktop/USCAR/opencv-2.4.13/release/CMakeFiles/CMakeTmp

Run Build Command:"/usr/bin/make" "cmTC_d0c98/fast"
/Applications/Xcode.app/Contents/Developer/usr/bin/make -f CMakeFiles/cmTC_d0c98.dir/build.make CMakeFiles/cmTC_d0c98.dir/build
Building C object CMakeFiles/cmTC_d0c98.dir/TestEndianess.c.o
/Applications/Xcode.app/Contents/Developer/Toolchains/XcodeDefault.xctoolchain/usr/bin/cc    -fsigned-char -W -Werror=return-type -Werror=address -Werror=sequence-point -Wformat -Werror=format-security -Wmissing-declarations -Wmissing-prototypes -Wstrict-prototypes -Wundef -Winit-self -Wpointer-arith -Wshadow -Wsign-promo -Wno-narrowing -Wno-delete-non-virtual-dtor -Wno-unnamed-type-template-args -Wno-array-bounds -fdiagnostics-show-option -Wno-long-long -Wno-semicolon-before-method-body -fno-omit-frame-pointer -msse -msse2 -msse3  -O3 -DNDEBUG   -o CMakeFiles/cmTC_d0c98.dir/TestEndianess.c.o   -c /Users/brianzhang/Desktop/USCAR/opencv-2.4.13/release/CMakeFiles/CMakeTmp/TestEndianess.c
Linking C executable cmTC_d0c98
/usr/local/bin/cmake -E cmake_link_script CMakeFiles/cmTC_d0c98.dir/link.txt --verbose=1
/Applications/Xcode.app/Contents/Developer/Toolchains/XcodeDefault.xctoolchain/usr/bin/cc     -fsigned-char -W -Werror=return-type -Werror=address -Werror=sequence-point -Wformat -Werror=format-security -Wmissing-declarations -Wmissing-prototypes -Wstrict-prototypes -Wundef -Winit-self -Wpointer-arith -Wshadow -Wsign-promo -Wno-narrowing -Wno-delete-non-virtual-dtor -Wno-unnamed-type-template-args -Wno-array-bounds -fdiagnostics-show-option -Wno-long-long -Wno-semicolon-before-method-body -fno-omit-frame-pointer -msse -msse2 -msse3  -O3 -DNDEBUG -Wl,-search_paths_first -Wl,-headerpad_max_install_names   CMakeFiles/cmTC_d0c98.dir/TestEndianess.c.o  -o cmTC_d0c98  

TestEndianess.c:
/* A 16 bit integer is required. */
typedef unsigned short cmakeint16;

/* On a little endian machine, these 16bit ints will give "THIS IS LITTLE ENDIAN."
   On a big endian machine the characters will be exchanged pairwise. */
const cmakeint16 info_little[] =  {0x4854, 0x5349, 0x4920, 0x2053, 0x494c, 0x5454, 0x454c, 0x4520, 0x444e, 0x4149, 0x2e4e, 0x0000};

/* on a big endian machine, these 16bit ints will give "THIS IS BIG ENDIAN."
   On a little endian machine the characters will be exchanged pairwise. */
const cmakeint16 info_big[] =     {0x5448, 0x4953, 0x2049, 0x5320, 0x4249, 0x4720, 0x454e, 0x4449, 0x414e, 0x2e2e, 0x0000};

#ifdef __CLASSIC_C__
int main(argc, argv) int argc; char *argv[];
#else
int main(int argc, char *argv[])
#endif
{
  int require = 0;
  require += info_little[argc];
  require += info_big[argc];
  (void)argv;
  return require;
}


Determining size of off64_t failed with the following output:
Change Dir: /Users/brianzhang/Desktop/USCAR/opencv-2.4.13/release/CMakeFiles/CMakeTmp

Run Build Command:"/usr/bin/make" "cmTC_10248/fast"
/Applications/Xcode.app/Contents/Developer/usr/bin/make -f CMakeFiles/cmTC_10248.dir/build.make CMakeFiles/cmTC_10248.dir/build
Building C object CMakeFiles/cmTC_10248.dir/OFF64_T.c.o
/Applications/Xcode.app/Contents/Developer/Toolchains/XcodeDefault.xctoolchain/usr/bin/cc    -fsigned-char -W -Werror=return-type -Werror=address -Werror=sequence-point -Wformat -Werror=format-security -Wmissing-declarations -Wmissing-prototypes -Wstrict-prototypes -Wundef -Winit-self -Wpointer-arith -Wshadow -Wsign-promo -Wno-narrowing -Wno-delete-non-virtual-dtor -Wno-unnamed-type-template-args -Wno-array-bounds -fdiagnostics-show-option -Wno-long-long -Wno-semicolon-before-method-body -fno-omit-frame-pointer -msse -msse2 -msse3  -O3 -DNDEBUG   -o CMakeFiles/cmTC_10248.dir/OFF64_T.c.o   -c /Users/brianzhang/Desktop/USCAR/opencv-2.4.13/release/CMakeFiles/CheckTypeSize/OFF64_T.c
/Users/brianzhang/Desktop/USCAR/opencv-2.4.13/release/CMakeFiles/CheckTypeSize/OFF64_T.c:19:12: error: use of undeclared identifier 'off64_t'
  ('0' + ((SIZE / 10000)%10)),
           ^
/Users/brianzhang/Desktop/USCAR/opencv-2.4.13/release/CMakeFiles/CheckTypeSize/OFF64_T.c:17:22: note: expanded from macro 'SIZE'
#define SIZE (sizeof(off64_t))
                     ^
/Users/brianzhang/Desktop/USCAR/opencv-2.4.13/release/CMakeFiles/CheckTypeSize/OFF64_T.c:20:12: error: use of undeclared identifier 'off64_t'
  ('0' + ((SIZE / 1000)%10)),
           ^
/Users/brianzhang/Desktop/USCAR/opencv-2.4.13/release/CMakeFiles/CheckTypeSize/OFF64_T.c:17:22: note: expanded from macro 'SIZE'
#define SIZE (sizeof(off64_t))
                     ^
/Users/brianzhang/Desktop/USCAR/opencv-2.4.13/release/CMakeFiles/CheckTypeSize/OFF64_T.c:21:12: error: use of undeclared identifier 'off64_t'
  ('0' + ((SIZE / 100)%10)),
           ^
/Users/brianzhang/Desktop/USCAR/opencv-2.4.13/release/CMakeFiles/CheckTypeSize/OFF64_T.c:17:22: note: expanded from macro 'SIZE'
#define SIZE (sizeof(off64_t))
                     ^
/Users/brianzhang/Desktop/USCAR/opencv-2.4.13/release/CMakeFiles/CheckTypeSize/OFF64_T.c:22:12: error: use of undeclared identifier 'off64_t'
  ('0' + ((SIZE / 10)%10)),
           ^
/Users/brianzhang/Desktop/USCAR/opencv-2.4.13/release/CMakeFiles/CheckTypeSize/OFF64_T.c:17:22: note: expanded from macro 'SIZE'
#define SIZE (sizeof(off64_t))
                     ^
/Users/brianzhang/Desktop/USCAR/opencv-2.4.13/release/CMakeFiles/CheckTypeSize/OFF64_T.c:23:12: error: use of undeclared identifier 'off64_t'
  ('0' +  (SIZE    % 10)),
           ^
/Users/brianzhang/Desktop/USCAR/opencv-2.4.13/release/CMakeFiles/CheckTypeSize/OFF64_T.c:17:22: note: expanded from macro 'SIZE'
#define SIZE (sizeof(off64_t))
                     ^
5 errors generated.
make[1]: *** [CMakeFiles/cmTC_10248.dir/OFF64_T.c.o] Error 1
make: *** [cmTC_10248/fast] Error 2

/Users/brianzhang/Desktop/USCAR/opencv-2.4.13/release/CMakeFiles/CheckTypeSize/OFF64_T.c:
#include <sys/types.h>
#include <stdint.h>
#include <stddef.h>


#undef KEY
#if defined(__i386)
# define KEY '_','_','i','3','8','6'
#elif defined(__x86_64)
# define KEY '_','_','x','8','6','_','6','4'
#elif defined(__ppc__)
# define KEY '_','_','p','p','c','_','_'
#elif defined(__ppc64__)
# define KEY '_','_','p','p','c','6','4','_','_'
#endif

#define SIZE (sizeof(off64_t))
char info_size[] =  {'I', 'N', 'F', 'O', ':', 's','i','z','e','[',
  ('0' + ((SIZE / 10000)%10)),
  ('0' + ((SIZE / 1000)%10)),
  ('0' + ((SIZE / 100)%10)),
  ('0' + ((SIZE / 10)%10)),
  ('0' +  (SIZE    % 10)),
  ']',
#ifdef KEY
  ' ','k','e','y','[', KEY, ']',
#endif
  '\0'};

#ifdef __CLASSIC_C__
int main(argc, argv) int argc; char *argv[];
#else
int main(int argc, char *argv[])
#endif
{
  int require = 0;
  require += info_size[argc];
  (void)argv;
  return require;
}


Determining if the include file io.h exists failed with the following output:
Change Dir: /Users/brianzhang/Desktop/USCAR/opencv-2.4.13/release/CMakeFiles/CMakeTmp

Run Build Command:"/usr/bin/make" "cmTC_d69dc/fast"
/Applications/Xcode.app/Contents/Developer/usr/bin/make -f CMakeFiles/cmTC_d69dc.dir/build.make CMakeFiles/cmTC_d69dc.dir/build
Building C object CMakeFiles/cmTC_d69dc.dir/CheckIncludeFile.c.o
/Applications/Xcode.app/Contents/Developer/Toolchains/XcodeDefault.xctoolchain/usr/bin/cc    -fsigned-char -W -Werror=return-type -Werror=address -Werror=sequence-point -Wformat -Werror=format-security -Wmissing-declarations -Wmissing-prototypes -Wstrict-prototypes -Wundef -Winit-self -Wpointer-arith -Wshadow -Wsign-promo -Wno-narrowing -Wno-delete-non-virtual-dtor -Wno-unnamed-type-template-args -Wno-array-bounds -fdiagnostics-show-option -Wno-long-long -Wno-semicolon-before-method-body -fno-omit-frame-pointer -msse -msse2 -msse3  -O3 -DNDEBUG   -o CMakeFiles/cmTC_d69dc.dir/CheckIncludeFile.c.o   -c /Users/brianzhang/Desktop/USCAR/opencv-2.4.13/release/CMakeFiles/CMakeTmp/CheckIncludeFile.c
/Users/brianzhang/Desktop/USCAR/opencv-2.4.13/release/CMakeFiles/CMakeTmp/CheckIncludeFile.c:1:10: fatal error: 'io.h' file not found
#include <io.h>
         ^
1 error generated.
make[1]: *** [CMakeFiles/cmTC_d69dc.dir/CheckIncludeFile.c.o] Error 1
make: *** [cmTC_d69dc/fast] Error 2


Determining if the function jbg_newlen exists failed with the following output:
Change Dir: /Users/brianzhang/Desktop/USCAR/opencv-2.4.13/release/CMakeFiles/CMakeTmp

Run Build Command:"/usr/bin/make" "cmTC_1cd65/fast"
/Applications/Xcode.app/Contents/Developer/usr/bin/make -f CMakeFiles/cmTC_1cd65.dir/build.make CMakeFiles/cmTC_1cd65.dir/build
Building C object CMakeFiles/cmTC_1cd65.dir/CheckFunctionExists.c.o
/Applications/Xcode.app/Contents/Developer/Toolchains/XcodeDefault.xctoolchain/usr/bin/cc    -fsigned-char -W -Werror=return-type -Werror=address -Werror=sequence-point -Wformat -Werror=format-security -Wmissing-declarations -Wmissing-prototypes -Wstrict-prototypes -Wundef -Winit-self -Wpointer-arith -Wshadow -Wsign-promo -Wno-narrowing -Wno-delete-non-virtual-dtor -Wno-unnamed-type-template-args -Wno-array-bounds -fdiagnostics-show-option -Wno-long-long -Wno-semicolon-before-method-body -fno-omit-frame-pointer -msse -msse2 -msse3 -DCHECK_FUNCTION_EXISTS=jbg_newlen -O3 -DNDEBUG   -o CMakeFiles/cmTC_1cd65.dir/CheckFunctionExists.c.o   -c /usr/local/share/cmake-3.5/Modules/CheckFunctionExists.c
Linking C executable cmTC_1cd65
/usr/local/bin/cmake -E cmake_link_script CMakeFiles/cmTC_1cd65.dir/link.txt --verbose=1
/Applications/Xcode.app/Contents/Developer/Toolchains/XcodeDefault.xctoolchain/usr/bin/cc     -fsigned-char -W -Werror=return-type -Werror=address -Werror=sequence-point -Wformat -Werror=format-security -Wmissing-declarations -Wmissing-prototypes -Wstrict-prototypes -Wundef -Winit-self -Wpointer-arith -Wshadow -Wsign-promo -Wno-narrowing -Wno-delete-non-virtual-dtor -Wno-unnamed-type-template-args -Wno-array-bounds -fdiagnostics-show-option -Wno-long-long -Wno-semicolon-before-method-body -fno-omit-frame-pointer -msse -msse2 -msse3 -DCHECK_FUNCTION_EXISTS=jbg_newlen -O3 -DNDEBUG -Wl,-search_paths_first -Wl,-headerpad_max_install_names   CMakeFiles/cmTC_1cd65.dir/CheckFunctionExists.c.o  -o cmTC_1cd65  
Undefined symbols for architecture x86_64:
  "_jbg_newlen", referenced from:
      _main in CheckFunctionExists.c.o
ld: symbol(s) not found for architecture x86_64
clang: error: linker command failed with exit code 1 (use -v to see invocation)
make[1]: *** [cmTC_1cd65] Error 1
make: *** [cmTC_1cd65/fast] Error 2


Determining if the include file linux/videodev.h exists failed with the following output:
Change Dir: /Users/brianzhang/Desktop/USCAR/opencv-2.4.13/release/CMakeFiles/CMakeTmp

Run Build Command:"/usr/bin/make" "cmTC_39df8/fast"
/Applications/Xcode.app/Contents/Developer/usr/bin/make -f CMakeFiles/cmTC_39df8.dir/build.make CMakeFiles/cmTC_39df8.dir/build
Building C object CMakeFiles/cmTC_39df8.dir/CheckIncludeFile.c.o
/Applications/Xcode.app/Contents/Developer/Toolchains/XcodeDefault.xctoolchain/usr/bin/cc    -fsigned-char -W -Werror=return-type -Werror=address -Werror=sequence-point -Wformat -Werror=format-security -Wmissing-declarations -Wmissing-prototypes -Wstrict-prototypes -Wundef -Winit-self -Wpointer-arith -Wshadow -Wsign-promo -Wno-narrowing -Wno-delete-non-virtual-dtor -Wno-unnamed-type-template-args -Wno-array-bounds -fdiagnostics-show-option -Wno-long-long -Wno-semicolon-before-method-body -fno-omit-frame-pointer -msse -msse2 -msse3  -O3 -DNDEBUG   -o CMakeFiles/cmTC_39df8.dir/CheckIncludeFile.c.o   -c /Users/brianzhang/Desktop/USCAR/opencv-2.4.13/release/CMakeFiles/CMakeTmp/CheckIncludeFile.c
/Users/brianzhang/Desktop/USCAR/opencv-2.4.13/release/CMakeFiles/CMakeTmp/CheckIncludeFile.c:1:10: fatal error: 'linux/videodev.h' file not found
#include <linux/videodev.h>
         ^
1 error generated.
make[1]: *** [CMakeFiles/cmTC_39df8.dir/CheckIncludeFile.c.o] Error 1
make: *** [cmTC_39df8/fast] Error 2


Determining if the include file linux/videodev2.h exists failed with the following output:
Change Dir: /Users/brianzhang/Desktop/USCAR/opencv-2.4.13/release/CMakeFiles/CMakeTmp

Run Build Command:"/usr/bin/make" "cmTC_dd2be/fast"
/Applications/Xcode.app/Contents/Developer/usr/bin/make -f CMakeFiles/cmTC_dd2be.dir/build.make CMakeFiles/cmTC_dd2be.dir/build
Building C object CMakeFiles/cmTC_dd2be.dir/CheckIncludeFile.c.o
/Applications/Xcode.app/Contents/Developer/Toolchains/XcodeDefault.xctoolchain/usr/bin/cc    -fsigned-char -W -Werror=return-type -Werror=address -Werror=sequence-point -Wformat -Werror=format-security -Wmissing-declarations -Wmissing-prototypes -Wstrict-prototypes -Wundef -Winit-self -Wpointer-arith -Wshadow -Wsign-promo -Wno-narrowing -Wno-delete-non-virtual-dtor -Wno-unnamed-type-template-args -Wno-array-bounds -fdiagnostics-show-option -Wno-long-long -Wno-semicolon-before-method-body -fno-omit-frame-pointer -msse -msse2 -msse3  -O3 -DNDEBUG   -o CMakeFiles/cmTC_dd2be.dir/CheckIncludeFile.c.o   -c /Users/brianzhang/Desktop/USCAR/opencv-2.4.13/release/CMakeFiles/CMakeTmp/CheckIncludeFile.c
/Users/brianzhang/Desktop/USCAR/opencv-2.4.13/release/CMakeFiles/CMakeTmp/CheckIncludeFile.c:1:10: fatal error: 'linux/videodev2.h' file not found
#include <linux/videodev2.h>
         ^
1 error generated.
make[1]: *** [CMakeFiles/cmTC_dd2be.dir/CheckIncludeFile.c.o] Error 1
make: *** [cmTC_dd2be/fast] Error 2


Determining if the include file sys/videoio.h exists failed with the following output:
Change Dir: /Users/brianzhang/Desktop/USCAR/opencv-2.4.13/release/CMakeFiles/CMakeTmp

Run Build Command:"/usr/bin/make" "cmTC_c9b87/fast"
/Applications/Xcode.app/Contents/Developer/usr/bin/make -f CMakeFiles/cmTC_c9b87.dir/build.make CMakeFiles/cmTC_c9b87.dir/build
Building C object CMakeFiles/cmTC_c9b87.dir/CheckIncludeFile.c.o
/Applications/Xcode.app/Contents/Developer/Toolchains/XcodeDefault.xctoolchain/usr/bin/cc    -fsigned-char -W -Werror=return-type -Werror=address -Werror=sequence-point -Wformat -Werror=format-security -Wmissing-declarations -Wmissing-prototypes -Wstrict-prototypes -Wundef -Winit-self -Wpointer-arith -Wshadow -Wsign-promo -Wno-narrowing -Wno-delete-non-virtual-dtor -Wno-unnamed-type-template-args -Wno-array-bounds -fdiagnostics-show-option -Wno-long-long -Wno-semicolon-before-method-body -fno-omit-frame-pointer -msse -msse2 -msse3  -O3 -DNDEBUG   -o CMakeFiles/cmTC_c9b87.dir/CheckIncludeFile.c.o   -c /Users/brianzhang/Desktop/USCAR/opencv-2.4.13/release/CMakeFiles/CMakeTmp/CheckIncludeFile.c
/Users/brianzhang/Desktop/USCAR/opencv-2.4.13/release/CMakeFiles/CMakeTmp/CheckIncludeFile.c:1:10: fatal error: 'sys/videoio.h' file not found
#include <sys/videoio.h>
         ^
1 error generated.
make[1]: *** [CMakeFiles/cmTC_c9b87.dir/CheckIncludeFile.c.o] Error 1
make: *** [cmTC_c9b87/fast] Error 2


Determining if the include file libavformat/avformat.h exists failed with the following output:
Change Dir: /Users/brianzhang/Desktop/USCAR/opencv-2.4.13/release/CMakeFiles/CMakeTmp

Run Build Command:"/usr/bin/make" "cmTC_86cc3/fast"
/Applications/Xcode.app/Contents/Developer/usr/bin/make -f CMakeFiles/cmTC_86cc3.dir/build.make CMakeFiles/cmTC_86cc3.dir/build
Building C object CMakeFiles/cmTC_86cc3.dir/CheckIncludeFile.c.o
/Applications/Xcode.app/Contents/Developer/Toolchains/XcodeDefault.xctoolchain/usr/bin/cc    -fsigned-char -W -Werror=return-type -Werror=address -Werror=sequence-point -Wformat -Werror=format-security -Wmissing-declarations -Wmissing-prototypes -Wstrict-prototypes -Wundef -Winit-self -Wpointer-arith -Wshadow -Wsign-promo -Wno-narrowing -Wno-delete-non-virtual-dtor -Wno-unnamed-type-template-args -Wno-array-bounds -fdiagnostics-show-option -Wno-long-long -Wno-semicolon-before-method-body -fno-omit-frame-pointer -msse -msse2 -msse3  -O3 -DNDEBUG   -o CMakeFiles/cmTC_86cc3.dir/CheckIncludeFile.c.o   -c /Users/brianzhang/Desktop/USCAR/opencv-2.4.13/release/CMakeFiles/CMakeTmp/CheckIncludeFile.c
/Users/brianzhang/Desktop/USCAR/opencv-2.4.13/release/CMakeFiles/CMakeTmp/CheckIncludeFile.c:1:10: fatal error: 'libavformat/avformat.h' file not found
#include <libavformat/avformat.h>
         ^
1 error generated.
make[1]: *** [CMakeFiles/cmTC_86cc3.dir/CheckIncludeFile.c.o] Error 1
make: *** [cmTC_86cc3/fast] Error 2


Determining if the include file ffmpeg/avformat.h exists failed with the following output:
Change Dir: /Users/brianzhang/Desktop/USCAR/opencv-2.4.13/release/CMakeFiles/CMakeTmp

Run Build Command:"/usr/bin/make" "cmTC_4b100/fast"
/Applications/Xcode.app/Contents/Developer/usr/bin/make -f CMakeFiles/cmTC_4b100.dir/build.make CMakeFiles/cmTC_4b100.dir/build
Building C object CMakeFiles/cmTC_4b100.dir/CheckIncludeFile.c.o
/Applications/Xcode.app/Contents/Developer/Toolchains/XcodeDefault.xctoolchain/usr/bin/cc    -fsigned-char -W -Werror=return-type -Werror=address -Werror=sequence-point -Wformat -Werror=format-security -Wmissing-declarations -Wmissing-prototypes -Wstrict-prototypes -Wundef -Winit-self -Wpointer-arith -Wshadow -Wsign-promo -Wno-narrowing -Wno-delete-non-virtual-dtor -Wno-unnamed-type-template-args -Wno-array-bounds -fdiagnostics-show-option -Wno-long-long -Wno-semicolon-before-method-body -fno-omit-frame-pointer -msse -msse2 -msse3  -O3 -DNDEBUG   -o CMakeFiles/cmTC_4b100.dir/CheckIncludeFile.c.o   -c /Users/brianzhang/Desktop/USCAR/opencv-2.4.13/release/CMakeFiles/CMakeTmp/CheckIncludeFile.c
/Users/brianzhang/Desktop/USCAR/opencv-2.4.13/release/CMakeFiles/CMakeTmp/CheckIncludeFile.c:1:10: fatal error: 'ffmpeg/avformat.h' file not found
#include <ffmpeg/avformat.h>
         ^
1 error generated.
make[1]: *** [CMakeFiles/cmTC_4b100.dir/CheckIncludeFile.c.o] Error 1
make: *** [cmTC_4b100/fast] Error 2


